# JRE version: OpenJDK Runtime Environment (8.0_242) (build 1.8.0_242-release-1644-b3-6222593)
# Java VM: OpenJDK 64-Bit Server VM (25.242-b3-6222593 mixed mode linux-amd64 compressed oops)
Heap:
 PSYoungGen      total 240128K, used 44665K [0x00000000e0000000, 0x00000000f2780000, 0x0000000100000000)
  eden space 217600K, 10% used [0x00000000e0000000,0x00000000e15e6aa0,0x00000000ed480000)
  from space 22528K, 98% used [0x00000000f0100000,0x00000000f16b7a08,0x00000000f1700000)
  to   space 16896K, 0% used [0x00000000f1700000,0x00000000f1700000,0x00000000f2780000)
 ParOldGen       total 95744K, used 61566K [0x00000000a0000000, 0x00000000a5d80000, 0x00000000e0000000)
  object space 95744K, 64% used [0x00000000a0000000,0x00000000a3c1f9e0,0x00000000a5d80000)
 Metaspace       used 77520K, capacity 80498K, committed 80536K, reserved 1118208K
  class space    used 10215K, capacity 10880K, committed 10904K, reserved 1048576K
GC Heap History (10 events):
Event: 52.272 GC heap before
{Heap before GC invocations=14 (full 3):
 PSYoungGen      total 199168K, used 11305K [0x00000000e0000000, 0x00000000f0e80000, 0x0000000100000000)
  eden space 181760K, 0% used [0x00000000e0000000,0x00000000e0000000,0x00000000eb180000)
  from space 17408K, 64% used [0x00000000eb180000,0x00000000ebc8a7d8,0x00000000ec280000)
  to   space 17920K, 0% used [0x00000000efd00000,0x00000000efd00000,0x00000000f0e80000)
 ParOldGen       total 61440K, used 37013K [0x00000000a0000000, 0x00000000a3c00000, 0x00000000e0000000)
  object space 61440K, 60% used [0x00000000a0000000,0x00000000a2425610,0x00000000a3c00000)
 Metaspace       used 57164K, capacity 59008K, committed 59160K, reserved 1099776K
  class space    used 7918K, capacity 8361K, committed 8472K, reserved 1048576K
Event: 52.519 GC heap after
Heap after GC invocations=14 (full 3):
 PSYoungGen      total 199168K, used 0K [0x00000000e0000000, 0x00000000f0e80000, 0x0000000100000000)
  eden space 181760K, 0% used [0x00000000e0000000,0x00000000e0000000,0x00000000eb180000)
  from space 17408K, 0% used [0x00000000eb180000,0x00000000eb180000,0x00000000ec280000)
  to   space 17920K, 0% used [0x00000000efd00000,0x00000000efd00000,0x00000000f0e80000)
 ParOldGen       total 95744K, used 34960K [0x00000000a0000000, 0x00000000a5d80000, 0x00000000e0000000)
  object space 95744K, 36% used [0x00000000a0000000,0x00000000a22240b8,0x00000000a5d80000)
 Metaspace       used 57148K, capacity 58962K, committed 59160K, reserved 1099776K
  class space    used 7913K, capacity 8352K, committed 8472K, reserved 1048576K
}
Event: 64.852 GC heap before
{Heap before GC invocations=15 (full 3):
 PSYoungGen      total 199168K, used 181760K [0x00000000e0000000, 0x00000000f0e80000, 0x0000000100000000)
  eden space 181760K, 100% used [0x00000000e0000000,0x00000000eb180000,0x00000000eb180000)
  from space 17408K, 0% used [0x00000000eb180000,0x00000000eb180000,0x00000000ec280000)
  to   space 17920K, 0% used [0x00000000efd00000,0x00000000efd00000,0x00000000f0e80000)
 ParOldGen       total 95744K, used 34960K [0x00000000a0000000, 0x00000000a5d80000, 0x00000000e0000000)
  object space 95744K, 36% used [0x00000000a0000000,0x00000000a22240b8,0x00000000a5d80000)
 Metaspace       used 62138K, capacity 64274K, committed 64408K, reserved 1103872K
  class space    used 8532K, capacity 9028K, committed 9112K, reserved 1048576K
Event: 64.882 GC heap after
Heap after GC invocations=15 (full 3):
 PSYoungGen      total 240128K, used 12924K [0x00000000e0000000, 0x00000000f0a00000, 0x0000000100000000)
  eden space 226816K, 0% used [0x00000000e0000000,0x00000000e0000000,0x00000000edd80000)
  from space 13312K, 97% used [0x00000000efd00000,0x00000000f099f048,0x00000000f0a00000)
  to   space 18432K, 0% used [0x00000000ee600000,0x00000000ee600000,0x00000000ef800000)
 ParOldGen       total 95744K, used 34968K [0x00000000a0000000, 0x00000000a5d80000, 0x00000000e0000000)
  object space 95744K, 36% used [0x00000000a0000000,0x00000000a22260b8,0x00000000a5d80000)
 Metaspace       used 62138K, capacity 64274K, committed 64408K, reserved 1103872K
  class space    used 8532K, capacity 9028K, committed 9112K, reserved 1048576K
}
Event: 149.054 GC heap before
{Heap before GC invocations=16 (full 3):
 PSYoungGen      total 240128K, used 239740K [0x00000000e0000000, 0x00000000f0a00000, 0x0000000100000000)
  eden space 226816K, 100% used [0x00000000e0000000,0x00000000edd80000,0x00000000edd80000)
  from space 13312K, 97% used [0x00000000efd00000,0x00000000f099f048,0x00000000f0a00000)
  to   space 18432K, 0% used [0x00000000ee600000,0x00000000ee600000,0x00000000ef800000)
 ParOldGen       total 95744K, used 34968K [0x00000000a0000000, 0x00000000a5d80000, 0x00000000e0000000)
  object space 95744K, 36% used [0x00000000a0000000,0x00000000a22260b8,0x00000000a5d80000)
 Metaspace       used 71115K, capacity 73726K, committed 73880K, reserved 1114112K
  class space    used 9503K, capacity 10084K, committed 10136K, reserved 1048576K
Event: 149.159 GC heap after
Heap after GC invocations=16 (full 3):
 PSYoungGen      total 253952K, used 18408K [0x00000000e0000000, 0x00000000f4080000, 0x0000000100000000)
  eden space 235520K, 0% used [0x00000000e0000000,0x00000000e0000000,0x00000000ee600000)
  from space 18432K, 99% used [0x00000000ee600000,0x00000000ef7fa0d0,0x00000000ef800000)
  to   space 26112K, 0% used [0x00000000f2700000,0x00000000f2700000,0x00000000f4080000)
 ParOldGen       total 95744K, used 47502K [0x00000000a0000000, 0x00000000a5d80000, 0x00000000e0000000)
  object space 95744K, 49% used [0x00000000a0000000,0x00000000a2e63aa8,0x00000000a5d80000)
 Metaspace       used 71115K, capacity 73726K, committed 73880K, reserved 1114112K
  class space    used 9503K, capacity 10084K, committed 10136K, reserved 1048576K
}
Event: 601.418 GC heap before
{Heap before GC invocations=17 (full 3):
 PSYoungGen      total 253952K, used 253928K [0x00000000e0000000, 0x00000000f4080000, 0x0000000100000000)
  eden space 235520K, 100% used [0x00000000e0000000,0x00000000ee600000,0x00000000ee600000)
  from space 18432K, 99% used [0x00000000ee600000,0x00000000ef7fa0d0,0x00000000ef800000)
  to   space 26112K, 0% used [0x00000000f2700000,0x00000000f2700000,0x00000000f4080000)
 ParOldGen       total 95744K, used 47502K [0x00000000a0000000, 0x00000000a5d80000, 0x00000000e0000000)
  object space 95744K, 49% used [0x00000000a0000000,0x00000000a2e63aa8,0x00000000a5d80000)
 Metaspace       used 71760K, capacity 74438K, committed 74776K, reserved 1114112K
  class space    used 9521K, capacity 10142K, committed 10264K, reserved 1048576K
Event: 601.556 GC heap after
Heap after GC invocations=17 (full 3):
 PSYoungGen      total 236544K, used 10032K [0x00000000e0000000, 0x00000000f3100000, 0x0000000100000000)
  eden space 226304K, 0% used [0x00000000e0000000,0x00000000e0000000,0x00000000edd00000)
  from space 10240K, 97% used [0x00000000f2700000,0x00000000f30cc3e0,0x00000000f3100000)
  to   space 24576K, 0% used [0x00000000f0100000,0x00000000f0100000,0x00000000f1900000)
 ParOldGen       total 95744K, used 61558K [0x00000000a0000000, 0x00000000a5d80000, 0x00000000e0000000)
  object space 95744K, 64% used [0x00000000a0000000,0x00000000a3c1d9e0,0x00000000a5d80000)
 Metaspace       used 71760K, capacity 74438K, committed 74776K, reserved 1114112K
  class space    used 9521K, capacity 10142K, committed 10264K, reserved 1048576K
}
Event: 2372.508 GC heap before
{Heap before GC invocations=18 (full 3):
 PSYoungGen      total 236544K, used 236336K [0x00000000e0000000, 0x00000000f3100000, 0x0000000100000000)
  eden space 226304K, 100% used [0x00000000e0000000,0x00000000edd00000,0x00000000edd00000)
  from space 10240K, 97% used [0x00000000f2700000,0x00000000f30cc3e0,0x00000000f3100000)
  to   space 24576K, 0% used [0x00000000f0100000,0x00000000f0100000,0x00000000f1900000)
 ParOldGen       total 95744K, used 61558K [0x00000000a0000000, 0x00000000a5d80000, 0x00000000e0000000)
  object space 95744K, 64% used [0x00000000a0000000,0x00000000a3c1d9e0,0x00000000a5d80000)
 Metaspace       used 76685K, capacity 79692K, committed 79896K, reserved 1118208K
  class space    used 10125K, capacity 10761K, committed 10776K, reserved 1048576K
Event: 2372.549 GC heap after
Heap after GC invocations=18 (full 3):
 PSYoungGen      total 240128K, used 22238K [0x00000000e0000000, 0x00000000f2780000, 0x0000000100000000)
  eden space 217600K, 0% used [0x00000000e0000000,0x00000000e0000000,0x00000000ed480000)
  from space 22528K, 98% used [0x00000000f0100000,0x00000000f16b7a08,0x00000000f1700000)
  to   space 16896K, 0% used [0x00000000f1700000,0x00000000f1700000,0x00000000f2780000)
 ParOldGen       total 95744K, used 61566K [0x00000000a0000000, 0x00000000a5d80000, 0x00000000e0000000)
  object space 95744K, 64% used [0x00000000a0000000,0x00000000a3c1f9e0,0x00000000a5d80000)
 Metaspace       used 76685K, capacity 79692K, committed 79896K, reserved 1118208K
  class space    used 10125K, capacity 10761K, committed 10776K, reserved 1048576K
}

